<?xml version="1.0" encoding="UTF-8"?>
<!-- Generated by org.testng.reporters.JUnitReportReporter -->
<testsuite hostname="DESKTOP-PJ8V1CP" failures="0" tests="5" name="TestFooter.FooterPageTest" time="55.236" errors="0" timestamp="2020-11-23T05:45:24 CST" skipped="0">
  <testcase classname="TestFooter.FooterPageTest" name="testFooterBillSPaymentervicePage" time="11.013"/>
  <system-out/>
  <testcase classname="TestFooter.FooterPageTest" name="testFooterZelleNetworkPage" time="9.659"/>
  <system-out/>
  <testcase classname="TestFooter.FooterPageTest" name="testFooterDisclaimernPage" time="13.227"/>
  <system-out/>
  <testcase classname="TestFooter.FooterPageTest" name="testFooterInternalTransferPage" time="10.586"/>
  <system-out/>
  <testcase classname="TestFooter.FooterPageTest" name="testFooterACHWirePage" time="10.751"/>
  <system-out/>
</testsuite> <!-- TestFooter.FooterPageTest -->
