<?xml version="1.0" encoding="UTF-8"?>
<!-- Generated by org.testng.reporters.JUnitReportReporter -->
<testsuite hostname="DESKTOP-PJ8V1CP" failures="0" tests="1" name="TestClaim.ClaimPageTest" time="15.980" errors="0" timestamp="2020-11-23T05:40:31 CST" skipped="0">
  <testcase classname="TestClaim.ClaimPageTest" name="testTrackaClaim" time="15.980"/>
  <system-out/>
</testsuite> <!-- TestClaim.ClaimPageTest -->
