<?xml version="1.0" encoding="UTF-8"?>
<!-- Generated by org.testng.reporters.JUnitReportReporter -->
<testsuite hostname="DESKTOP-UEN12UN" failures="0" tests="20" name="testUspage.UsPageTest" time="21.251" errors="0" timestamp="2020-11-13T13:00:35 EST" skipped="19">
  <testcase classname="testUspage.UsPageTest" name="addChoices" time="21.251"/>
  <system-out/>
  <testcase classname="testUspage.UsPageTest" name="testBidenAndTrump">
    <skipped/>
  </testcase> <!-- testBidenAndTrump -->
  <system-out/>
  <testcase classname="testUspage.UsPageTest" name="testMenuButton">
    <skipped/>
  </testcase> <!-- testMenuButton -->
  <system-out/>
  <testcase classname="testUspage.UsPageTest" name="testEnergyAndEnvironment">
    <skipped/>
  </testcase> <!-- testEnergyAndEnvironment -->
  <system-out/>
  <testcase classname="testUspage.UsPageTest" name="testSearchCnnBox1">
    <skipped/>
  </testcase> <!-- testSearchCnnBox1 -->
  <system-out/>
  <testcase classname="testUspage.UsPageTest" name="testClimate">
    <skipped/>
  </testcase> <!-- testClimate -->
  <system-out/>
  <testcase classname="testUspage.UsPageTest" name="testWeatherImage">
    <skipped/>
  </testcase> <!-- testWeatherImage -->
  <system-out/>
  <testcase classname="testUspage.UsPageTest" name="testSearchCnnBox">
    <skipped/>
  </testcase> <!-- testSearchCnnBox -->
  <system-out/>
  <testcase classname="testUspage.UsPageTest" name="testClearBox">
    <skipped/>
  </testcase> <!-- testClearBox -->
  <system-out/>
  <testcase classname="testUspage.UsPageTest" name="testCrimeAndJustice">
    <skipped/>
  </testcase> <!-- testCrimeAndJustice -->
  <system-out/>
  <testcase classname="testUspage.UsPageTest" name="testEditionHover">
    <skipped/>
  </testcase> <!-- testEditionHover -->
  <system-out/>
  <testcase classname="testUspage.UsPageTest" name="testCheckBoxUs">
    <skipped/>
  </testcase> <!-- testCheckBoxUs -->
  <system-out/>
  <testcase classname="testUspage.UsPageTest" name="testDonaldTrump">
    <skipped/>
  </testcase> <!-- testDonaldTrump -->
  <system-out/>
  <testcase classname="testUspage.UsPageTest" name="testTermOfUse">
    <skipped/>
  </testcase> <!-- testTermOfUse -->
  <system-out/>
  <testcase classname="testUspage.UsPageTest" name="testSelectLanguage">
    <skipped/>
  </testcase> <!-- testSelectLanguage -->
  <system-out/>
  <testcase classname="testUspage.UsPageTest" name="testExtremeWeather">
    <skipped/>
  </testcase> <!-- testExtremeWeather -->
  <system-out/>
  <testcase classname="testUspage.UsPageTest" name="testJoeBiden">
    <skipped/>
  </testcase> <!-- testJoeBiden -->
  <system-out/>
  <testcase classname="testUspage.UsPageTest" name="testSpaceAndScience">
    <skipped/>
  </testcase> <!-- testSpaceAndScience -->
  <system-out/>
  <testcase classname="testUspage.UsPageTest" name="testCheckUS">
    <skipped/>
  </testcase> <!-- testCheckUS -->
  <system-out/>
  <testcase classname="testUspage.UsPageTest" name="testInPhoto">
    <skipped/>
  </testcase> <!-- testInPhoto -->
  <system-out/>
</testsuite> <!-- testUspage.UsPageTest -->
