<?xml version="1.0" encoding="UTF-8"?>
<!-- Generated by org.testng.reporters.JUnitReportReporter -->
<testsuite hostname="DESKTOP-NOMISI3" failures="0" tests="16" name="testHome.HomePageTest" time="19.252" errors="0" timestamp="2020-11-11T16:51:48 EST" skipped="15">
  <testcase classname="testHome.HomePageTest" name="CheckSearchBar" time="19.252"/>
  <system-out/>
  <testcase classname="testHome.HomePageTest" name="WalmartBurgerClick">
    <skipped/>
  </testcase> <!-- WalmartBurgerClick -->
  <system-out/>
  <testcase classname="testHome.HomePageTest" name="assertEqual">
    <skipped/>
  </testcase> <!-- assertEqual -->
  <system-out/>
  <testcase classname="testHome.HomePageTest" name="WalmartEmailbox">
    <skipped/>
  </testcase> <!-- WalmartEmailbox -->
  <system-out/>
  <testcase classname="testHome.HomePageTest" name="mouseHover">
    <skipped/>
  </testcase> <!-- mouseHover -->
  <system-out/>
  <testcase classname="testHome.HomePageTest" name="afterclear">
    <skipped/>
  </testcase> <!-- afterclear -->
  <system-out/>
  <testcase classname="testHome.HomePageTest" name="ValidedWalmartAccount">
    <skipped/>
  </testcase> <!-- ValidedWalmartAccount -->
  <system-out/>
  <testcase classname="testHome.HomePageTest" name="AddtoCartProdct2">
    <skipped/>
  </testcase> <!-- AddtoCartProdct2 -->
  <system-out/>
  <testcase classname="testHome.HomePageTest" name="clickField1">
    <skipped/>
  </testcase> <!-- clickField1 -->
  <system-out/>
  <testcase classname="testHome.HomePageTest" name="assertEqual2">
    <skipped/>
  </testcase> <!-- assertEqual2 -->
  <system-out/>
  <testcase classname="testHome.HomePageTest" name="AddtoCartProdct">
    <skipped/>
  </testcase> <!-- AddtoCartProdct -->
  <system-out/>
  <testcase classname="testHome.HomePageTest" name="dropdown">
    <skipped/>
  </testcase> <!-- dropdown -->
  <system-out/>
  <testcase classname="testHome.HomePageTest" name="WalmartGetErrorText">
    <skipped/>
  </testcase> <!-- WalmartGetErrorText -->
  <system-out/>
  <testcase classname="testHome.HomePageTest" name="WalmartCheckSigninButton">
    <skipped/>
  </testcase> <!-- WalmartCheckSigninButton -->
  <system-out/>
  <testcase classname="testHome.HomePageTest" name="clearSearchElement">
    <skipped/>
  </testcase> <!-- clearSearchElement -->
  <system-out/>
  <testcase classname="testHome.HomePageTest" name="WalmartClickForgotAccount">
    <skipped/>
  </testcase> <!-- WalmartClickForgotAccount -->
  <system-out/>
</testsuite> <!-- testHome.HomePageTest -->
