<?xml version="1.0" encoding="UTF-8"?>
<!-- Generated by org.testng.reporters.JUnitReportReporter -->
<testsuite hostname="DESKTOP-O8BM1FH" failures="0" tests="20" name="testHome.HomePageTest" time="38.742" errors="0" timestamp="2020-11-14T21:00:59 CST" skipped="19">
  <testcase classname="testHome.HomePageTest" name="testCreateAccount" time="38.742"/>
  <system-out/>
  <testcase classname="testHome.HomePageTest" name="testFindLocalStore">
    <skipped/>
  </testcase> <!-- testFindLocalStore -->
  <system-out/>
  <testcase classname="testHome.HomePageTest" name="testBay">
    <skipped/>
  </testcase> <!-- testBay -->
  <system-out/>
  <testcase classname="testHome.HomePageTest" name="testSingIn">
    <skipped/>
  </testcase> <!-- testSingIn -->
  <system-out/>
  <testcase classname="testHome.HomePageTest" name="testSearchXobConsoles">
    <skipped/>
  </testcase> <!-- testSearchXobConsoles -->
  <system-out/>
  <testcase classname="testHome.HomePageTest" name="testOptical">
    <skipped/>
  </testcase> <!-- testOptical -->
  <system-out/>
  <testcase classname="testHome.HomePageTest" name="testShopBySelectPrice">
    <skipped/>
  </testcase> <!-- testShopBySelectPrice -->
  <system-out/>
  <testcase classname="testHome.HomePageTest" name="testInformationTechnology">
    <skipped/>
  </testcase> <!-- testInformationTechnology -->
  <system-out/>
  <testcase classname="testHome.HomePageTest" name="testForgetPassword">
    <skipped/>
  </testcase> <!-- testForgetPassword -->
  <system-out/>
  <testcase classname="testHome.HomePageTest" name="testReturnItem">
    <skipped/>
  </testcase> <!-- testReturnItem -->
  <system-out/>
  <testcase classname="testHome.HomePageTest" name="testBeauty">
    <skipped/>
  </testcase> <!-- testBeauty -->
  <system-out/>
  <testcase classname="testHome.HomePageTest" name="testSearchBox">
    <skipped/>
  </testcase> <!-- testSearchBox -->
  <system-out/>
  <testcase classname="testHome.HomePageTest" name="testAccounting">
    <skipped/>
  </testcase> <!-- testAccounting -->
  <system-out/>
  <testcase classname="testHome.HomePageTest" name="testPrintPhoto">
    <skipped/>
  </testcase> <!-- testPrintPhoto -->
  <system-out/>
  <testcase classname="testHome.HomePageTest" name="testSearchCo_Manager">
    <skipped/>
  </testcase> <!-- testSearchCo_Manager -->
  <system-out/>
  <testcase classname="testHome.HomePageTest" name="testHomeImprovement">
    <skipped/>
  </testcase> <!-- testHomeImprovement -->
  <system-out/>
  <testcase classname="testHome.HomePageTest" name="testGifts">
    <skipped/>
  </testcase> <!-- testGifts -->
  <system-out/>
  <testcase classname="testHome.HomePageTest" name="testSoftwareDevelopmentAndEngineering">
    <skipped/>
  </testcase> <!-- testSoftwareDevelopmentAndEngineering -->
  <system-out/>
  <testcase classname="testHome.HomePageTest" name="testSoftwareDevelopmentAndEngineering1">
    <skipped/>
  </testcase> <!-- testSoftwareDevelopmentAndEngineering1 -->
  <system-out/>
  <testcase classname="testHome.HomePageTest" name="testBlackFridayDeals">
    <skipped/>
  </testcase> <!-- testBlackFridayDeals -->
  <system-out/>
</testsuite> <!-- testHome.HomePageTest -->
